<?xml version="1.0" encoding="UTF-8"?>
<!-- Generated by org.testng.reporters.JUnitXMLReporter -->
<testsuite hostname="DESKTOP-MUEUS88" failures="0" tests="3" name="Test" time="0.081" errors="0" timestamp="25 Oct 2022 18:43:56 GMT">
  <testcase classname="MavenProject.FirstScript.PersonalLoan" name="logintoAPPforPersonalLoan" time="0.019"/>
  <testcase classname="MavenProject.FirstScript.CarLoan" name="logintoAPPforCarLoan" time="0.004"/>
  <testcase classname="MavenProject.FirstScript.Homeloan" name="logintoAPPforHomeLoan" time="0.003"/>
</testsuite> <!-- Test -->
