<?xml version="1.0" encoding="UTF-8"?>
<!-- Generated by org.testng.reporters.JUnitXMLReporter -->
<testsuite hostname="DESKTOP-MUEUS88" name="Test" tests="3" failures="0" timestamp="27 Oct 2022 17:51:00 GMT" time="0.045" errors="0">
  <testcase name="logintoBranchforPersonalLoan" time="0.018" classname="MavenProject.FirstScript.PersonalLoan"/>
  <testcase name="logintoBranchforCarLoan" time="0.004" classname="MavenProject.FirstScript.CarLoan"/>
  <testcase name="logintoBranchforHomeLoan" time="0.001" classname="MavenProject.FirstScript.Homeloan"/>
</testsuite> <!-- Test -->
